<?xml version="1.0" encoding="utf-8"?><testsuites name="pytest tests"><testsuite name="pytest" errors="0" failures="1" skipped="0" tests="20" time="7.127" timestamp="2026-07-02T19:38:11.738490+00:00" hostname="agent-env-640919aa-a9d7-4912-9b1e-20f3ce4033f4"><testcase classname="tests.backend_test" name="test_root" time="0.159" /><testcase classname="tests.backend_test" name="test_admin_login_returns_user_and_token" time="0.353" /><testcase classname="tests.backend_test" name="test_me_with_bearer" time="0.434" /><testcase classname="tests.backend_test" name="test_seller_login_verified_flags" time="0.329" /><testcase classname="tests.backend_test" name="test_register_email_uniqueness" time="0.462" /><testcase classname="tests.backend_test" name="test_brute_force_429" time="0.767"><failure message="AssertionError: Expected 429 in [401, 401, 401, 401, 401, 401, 401]&#10;assert 429 in [401, 401, 401, 401, 401, 401, ...]">E   AssertionError: Expected 429 in [401, 401, 401, 401, 401, 401, 401]
    assert 429 in [401, 401, 401, 401, 401, 401, ...]</failure></testcase><testcase classname="tests.backend_test" name="test_list_listings_seeded" time="0.108" /><testcase classname="tests.backend_test" name="test_list_filter_pincode" time="0.102" /><testcase classname="tests.backend_test" name="test_list_filter_category" time="0.116" /><testcase classname="tests.backend_test" name="test_list_search_q_rice" time="0.104" /><testcase classname="tests.backend_test" name="test_listing_by_id_and_404" time="0.337" /><testcase classname="tests.backend_test" name="test_seller_can_create_listing" time="0.564" /><testcase classname="tests.backend_test" name="test_mirror_event_recorded" time="0.103" /><testcase classname="tests.backend_test" name="test_buyer_cannot_create_listing" time="0.437" /><testcase classname="tests.backend_test" name="test_seller_without_verification_cannot_create" time="0.446" /><testcase classname="tests.backend_test" name="test_aadhaar_flow" time="0.938" /><testcase classname="tests.backend_test" name="test_fssai_verify" time="0.334" /><testcase classname="tests.backend_test" name="test_gstin_verify" time="0.225" /><testcase classname="tests.backend_test" name="test_activity_log_seller" time="0.118" /><testcase classname="tests.backend_test" name="test_activity_log_admin" time="0.105" /></testsuite></testsuites>